<?xml version="1.0" encoding="UTF-8"?>
<!-- Generated by org.testng.reporters.JUnitReportReporter -->
<testsuite hostname="LAPTOP-9S84AQ2K" failures="0" tests="5" name="Test_cases.Loginpage_Test" time="8.399" errors="0" timestamp="2022-08-17T22:40:58 IST" skipped="3">
  <testcase classname="Test_cases.Loginpage_Test" name="verifyKiteLogoTest" time="3.927"/>
  <testcase classname="Test_cases.Loginpage_Test" name="verifyloginAppTest" time="4.472"/>
  <testcase classname="Test_cases.Loginpage_Test" name="verifyZerodhaLogoTest">
    <skipped/>
  </testcase> <!-- verifyZerodhaLogoTest -->
  <testcase classname="Test_cases.Loginpage_Test" name="verifyLabelTest">
    <skipped/>
  </testcase> <!-- verifyLabelTest -->
  <testcase classname="Test_cases.Loginpage_Test" name="verifyTitleTest">
    <skipped/>
  </testcase> <!-- verifyTitleTest -->
</testsuite> <!-- Test_cases.Loginpage_Test -->
