<?xml version="1.0" encoding="UTF-8"?>
<!-- Generated by org.testng.reporters.JUnitReportReporter -->
<testsuite hostname="LAPTOP-9S84AQ2K" failures="0" tests="2" name="Test_cases.DashboardPage_Test" time="25.876" errors="0" timestamp="2022-08-17T17:36:04 IST" skipped="0">
  <testcase classname="Test_cases.DashboardPage_Test" name="verifyUsernameButtonTest" time="15.049"/>
  <testcase classname="Test_cases.DashboardPage_Test" name="verifyNameTest" time="10.827"/>
</testsuite> <!-- Test_cases.DashboardPage_Test -->
