<?xml version="1.0" encoding="UTF-8"?>
<!-- Generated by org.testng.reporters.JUnitReportReporter -->
<testsuite hostname="LAPTOP-9S84AQ2K" failures="0" tests="2" name="Test_cases.CaptureScreenShotOfFailedCases" time="8.750" errors="0" timestamp="2022-08-19T14:29:08 IST" skipped="0">
  <testcase classname="Test_cases.CaptureScreenShotOfFailedCases" name="verifyTitleTest" time="4.835"/>
  <testcase classname="Test_cases.CaptureScreenShotOfFailedCases" name="verifyLabelTest" time="3.915"/>
</testsuite> <!-- Test_cases.CaptureScreenShotOfFailedCases -->
