<?xml version="1.0" encoding="UTF-8"?>
<!-- Generated by org.testng.reporters.JUnitReportReporter -->
<testsuite hostname="LAPTOP-9S84AQ2K" failures="0" tests="2" name="Test_cases.ForFailedTest" time="8.033" errors="0" timestamp="2022-08-19T06:22:39 IST" skipped="0">
  <testcase classname="Test_cases.ForFailedTest" name="verifyLabelTest" time="1.962"/>
  <testcase classname="Test_cases.ForFailedTest" name="verifyTitleTest" time="6.071"/>
</testsuite> <!-- Test_cases.ForFailedTest -->
