<?xml version="1.0" encoding="UTF-8"?>
<!-- Generated by org.testng.reporters.JUnitReportReporter -->
<testsuite hostname="LAPTOP-9S84AQ2K" failures="0" tests="4" name="Test_cases.ParallelTest" time="22.568" errors="0" timestamp="2022-08-19T18:37:22 IST" skipped="0">
  <testcase classname="Test_cases.ParallelTest" name="openFB" time="6.594"/>
  <testcase classname="Test_cases.ParallelTest" name="openKite" time="4.127"/>
  <testcase classname="Test_cases.ParallelTest" name="openGoogle" time="7.164"/>
  <testcase classname="Test_cases.ParallelTest" name="openRediff" time="4.683"/>
</testsuite> <!-- Test_cases.ParallelTest -->
