<?xml version="1.0" encoding="UTF-8"?>
<!-- Generated by org.testng.reporters.JUnitReportReporter -->
<testsuite hostname="LAPTOP-9S84AQ2K" failures="0" tests="1" name="Test_cases.AllAnnotationsTest" time="0.005" errors="0" timestamp="2022-08-17T06:18:28 IST" skipped="0">
  <testcase classname="Test_cases.AllAnnotationsTest" name="test5" time="0.005"/>
</testsuite> <!-- Test_cases.AllAnnotationsTest -->
